Tracked source coordinates (mean):
X: [512.02113155 155.05819285 474.32740094 462.61487743  11.46717432
 112.11767212  97.48288436 151.31896713 465.65503719  11.37928141
   7.3605448   21.36206612  77.50110577 492.31766101  41.97282462
 479.12633916 432.56292986 411.6649056   22.83322942]
Y: [512.02113155 155.05819285 474.32740094 462.61487743  11.46717432
 112.11767212  97.48288436 151.31896713 465.65503719  11.37928141
   7.3605448   21.36206612  77.50110577 492.31766101  41.97282462
 479.12633916 432.56292986 411.6649056   22.83322942]
Amplitude: [ 0.03181971 -0.03331524 -0.07954095 -0.03109946  0.0173641  -0.01386007
 -0.02912996 -0.00066249  0.01527342  0.06290727  0.10031562  0.05660245
  0.01649743 -0.02600677 -0.03999845 -0.02362507 -0.01458065  0.00778553
 -0.02843045]
Variance Reduction: [ 0.19390141  0.96886255 -0.00509389  0.44631917  1.0542942   1.33019033
  0.52745293  0.2040271   0.62978295  2.79531128  1.74649751  0.95724506
  0.1508386  -0.55537398 -1.04284964  0.73252344  0.88184564 -0.39334945
 -0.30128547]

Tracked source coordinates (standard deviation):
X: [1024.0422631   310.1163857   948.65480188  925.22975485   22.93434864
  224.23534424  194.96576873  302.63793426  931.31007439   22.75856282
   14.7210896    42.72413223  155.00221155  984.63532201   83.94564924
  958.25267832  865.12585972  823.3298112    45.66645883]
Y: [1024.0422631   310.1163857   948.65480188  925.22975485   22.93434864
  224.23534424  194.96576873  302.63793426  931.31007439   22.75856282
   14.7210896    42.72413223  155.00221155  984.63532201   83.94564924
  958.25267832  865.12585972  823.3298112    45.66645883]
Amplitude: [1.0121622  1.00838957 0.99153238 0.98962028 0.97958811 0.96174646
 0.94178884 0.96018478 0.9550239  0.98992972 1.00452076 1.00388223
 1.02929696 0.99260517 0.96318135 0.98596523 0.95813165 0.95708753
 0.94569479]
Variance Reduction: [11.17882029 12.07670906 13.68717263 14.80402258 13.53116888 10.96931521
 12.08372458 12.50848708 11.14938259 11.25193078 12.98829751 13.62067265
 15.61924731 13.83280364 11.28887343 11.03801912 11.53990088 12.78074061
 13.74140561]
