Number of spectra calculated: 2

Spectrum 1:
  Water depth: 0.9344390135713785 m
  Sediment flux: 0.005741168249076642 m^2/s
  Frequency: 0      5.000000
1      5.757576
2      6.515152
3      7.272727
4      8.030303
        ...    
95    76.969697
96    77.727273
97    78.484848
98    79.242424
99    80.000000
Name: frequency, Length: 100, dtype: float64
  Power: 0    -127.283548
1    -125.979630
2    -124.915217
3    -124.033409
4    -123.295323
         ...    
95   -163.452946
96   -164.320525
97   -165.193817
98   -166.072788
99   -166.957401
Name: power, Length: 100, dtype: float64

Spectrum 2:
  Water depth: 1.8607658626686985 m
  Sediment flux: 0.018490645658568557 m^2/s
  Frequency: 0      5.000000
1      5.757576
2      6.515152
3      7.272727
4      8.030303
        ...    
95    76.969697
96    77.727273
97    78.484848
98    79.242424
99    80.000000
Name: frequency, Length: 100, dtype: float64
  Power: 0    -118.151545
1    -116.759372
2    -115.618887
3    -114.670565
4    -113.873620
         ...    
95   -152.971141
96   -153.835015
97   -154.704645
98   -155.579992
99   -156.461019
Name: power, Length: 100, dtype: float64
Skipping FMI Spectra plot display
